<?xml version="1.0" encoding="UTF-8"?>
<!-- Generated by org.testng.reporters.JUnitReportReporter -->
<testsuite hostname="DESKTOP-8C0LO3K" failures="0" tests="1" name="com.obsqura.test.ManageExpenseTest" time="3.057" errors="0" timestamp="2023-12-19T08:46:46 IST" skipped="0">
  <testcase classname="com.obsqura.test.ManageExpenseTest" name="ExpenseCategory" time="3.057"/>
  <system-out/>
</testsuite> <!-- com.obsqura.test.ManageExpenseTest -->
