<?xml version="1.0" encoding="UTF-8"?>
<!-- Generated by org.testng.reporters.JUnitReportReporter -->
<testsuite hostname="DESKTOP-8C0LO3K" failures="0" tests="1" name="com.obsqura.test.LoginTest" time="5.843" errors="0" timestamp="2023-12-20T08:53:07 IST" skipped="0">
  <testcase classname="com.obsqura.test.LoginTest" name="verifyLogin" time="5.843"/>
  <system-out/>
</testsuite> <!-- com.obsqura.test.LoginTest -->
