<?xml version="1.0" encoding="UTF-8"?>
<!-- Generated by org.testng.reporters.JUnitReportReporter -->
<testsuite hostname="DESKTOP-8C0LO3K" failures="0" tests="1" name="com.obsqura.test.CreateDeliveryBoy" time="7.632" errors="0" timestamp="2023-12-12T08:48:09 IST" skipped="0">
  <testcase classname="com.obsqura.test.CreateDeliveryBoy" name="createDeliverytBoy" time="7.632"/>
  <system-out/>
</testsuite> <!-- com.obsqura.test.CreateDeliveryBoy -->
