<?xml version="1.0" encoding="UTF-8"?>
<!-- Generated by org.testng.reporters.JUnitReportReporter -->
<testsuite hostname="DESKTOP-8C0LO3K" failures="0" tests="2" name="com.obsqura.test.CreateDeliveryBoyUsingDataProviders" time="10.208" errors="0" timestamp="2023-12-21T09:19:34 IST" skipped="0">
  <testcase classname="com.obsqura.test.CreateDeliveryBoyUsingDataProviders" name="createDeliveryBoyDataProviders" time="4.942"/>
  <system-out/>
  <testcase classname="com.obsqura.test.CreateDeliveryBoyUsingDataProviders" name="createDeliveryBoyDataProviders" time="5.266"/>
  <system-out/>
</testsuite> <!-- com.obsqura.test.CreateDeliveryBoyUsingDataProviders -->
