<?xml version="1.0" encoding="UTF-8"?>
<!-- Generated by org.testng.reporters.JUnitReportReporter -->
<testsuite hostname="PQA-0591LT" failures="0" tests="1" name="com.obsqura.test.ManageExpenseTest" time="9.833" errors="0" timestamp="2023-12-04T22:13:09 EST" skipped="0">
  <testcase classname="com.obsqura.test.ManageExpenseTest" name="ExpenseCategory" time="9.833"/>
  <system-out/>
</testsuite> <!-- com.obsqura.test.ManageExpenseTest -->
