<?xml version="1.0" encoding="UTF-8"?>
<!-- Generated by org.testng.reporters.JUnitReportReporter -->
<testsuite hostname="DESKTOP-8C0LO3K" failures="0" tests="1" name="com.obsqura.test.CreateDeliveryBoy" time="9.677" errors="0" timestamp="2023-12-14T08:51:21 IST" skipped="0">
  <testcase classname="com.obsqura.test.CreateDeliveryBoy" name="createDeliverytBoy" time="9.677"/>
  <system-out/>
</testsuite> <!-- com.obsqura.test.CreateDeliveryBoy -->
