<?xml version="1.0" encoding="UTF-8"?>
<!-- Generated by org.testng.reporters.JUnitReportReporter -->
<testsuite hostname="DESKTOP-8C0LO3K" failures="0" tests="2" name="com.obsqura.test.CreateDeliveryBoyUsingDataProviders" time="19.162" errors="0" timestamp="2023-12-14T08:51:21 IST" skipped="0">
  <testcase classname="com.obsqura.test.CreateDeliveryBoyUsingDataProviders" name="createDeliverytBoy" time="9.177"/>
  <system-out/>
  <testcase classname="com.obsqura.test.CreateDeliveryBoyUsingDataProviders" name="createDeliverytBoy" time="9.985"/>
  <system-out/>
</testsuite> <!-- com.obsqura.test.CreateDeliveryBoyUsingDataProviders -->
