<?xml version="1.0" encoding="UTF-8"?>
<!-- Generated by org.testng.reporters.JUnitReportReporter -->
<testsuite hostname="DESKTOP-8C0LO3K" failures="0" tests="1" name="com.obsqura.test.BreedsChecker" time="545.142" errors="0" timestamp="2023-12-11T17:14:50 IST" skipped="0">
  <testcase classname="com.obsqura.test.BreedsChecker" name="testLinks" time="545.142"/>
  <system-out/>
</testsuite> <!-- com.obsqura.test.BreedsChecker -->
