<?xml version="1.0" encoding="UTF-8"?>
<!-- Generated by org.testng.reporters.JUnitReportReporter -->
<testsuite hostname="DESKTOP-8C0LO3K" failures="0" tests="1" name="com.obsqura.test.ManageExpenseTest" time="4.851" errors="0" timestamp="2023-12-11T06:12:09 IST" skipped="0">
  <testcase classname="com.obsqura.test.ManageExpenseTest" name="ExpenseCategory" time="4.851"/>
  <system-out/>
</testsuite> <!-- com.obsqura.test.ManageExpenseTest -->
