<?xml version="1.0" encoding="UTF-8"?>
<!-- Generated by org.testng.reporters.JUnitReportReporter -->
<testsuite hostname="DESKTOP-8C0LO3K" failures="0" tests="2" name="com.obsqura.test.CreateDeliveryBoy2" time="14.918" errors="0" timestamp="2023-12-13T01:05:27 IST" skipped="0">
  <testcase classname="com.obsqura.test.CreateDeliveryBoy2" name="createDeliverytBoy" time="6.711"/>
  <system-out/>
  <testcase classname="com.obsqura.test.CreateDeliveryBoy2" name="createDeliverytBoy" time="8.207"/>
  <system-out/>
</testsuite> <!-- com.obsqura.test.CreateDeliveryBoy2 -->
