<?xml version="1.0" encoding="UTF-8"?>
<!-- Generated by org.testng.reporters.JUnitReportReporter -->
<testsuite hostname="PQA-0591LT" failures="0" tests="1" name="com.obsqura.test.LoginTest" time="5.786" errors="0" timestamp="2023-12-05T22:05:17 EST" skipped="0">
  <testcase classname="com.obsqura.test.LoginTest" name="verifyLogin" time="5.786"/>
  <system-out/>
</testsuite> <!-- com.obsqura.test.LoginTest -->
