<?xml version="1.0" encoding="UTF-8"?>
<!-- Generated by org.testng.reporters.JUnitReportReporter -->
<testsuite hostname="DESKTOP-8C0LO3K" failures="0" tests="1" name="com.obsqura.test.LoginTest" time="4.615" errors="0" timestamp="2023-12-21T09:19:34 IST" skipped="0">
  <testcase classname="com.obsqura.test.LoginTest" name="verifyLogin" time="4.615"/>
  <system-out/>
</testsuite> <!-- com.obsqura.test.LoginTest -->
