<?xml version="1.0" encoding="UTF-8"?>
<!-- Generated by org.testng.reporters.JUnitReportReporter -->
<testsuite hostname="DESKTOP-8C0LO3K" failures="0" tests="1" name="com.obsqura.Util.RandomNumberUtility" time="0.006" errors="0" timestamp="2023-12-12T08:11:24 IST" skipped="0">
  <testcase classname="com.obsqura.Util.RandomNumberUtility" name="getUniqueUsername" time="0.006"/>
  <system-out/>
</testsuite> <!-- com.obsqura.Util.RandomNumberUtility -->
