<?xml version="1.0" encoding="UTF-8"?>
<!-- Generated by org.testng.reporters.JUnitReportReporter -->
<testsuite hostname="DESKTOP-8C0LO3K" failures="0" tests="1" name="com.obsqura.test.DFS_LinkCrawler" time="2955.606" errors="0" timestamp="2023-12-14T06:16:43 IST" skipped="0">
  <testcase classname="com.obsqura.test.DFS_LinkCrawler" name="crawler" time="2955.606"/>
  <system-out/>
</testsuite> <!-- com.obsqura.test.DFS_LinkCrawler -->
